<?xml version="1.0" encoding="UTF-8"?>
<!-- Generated by org.testng.reporters.JUnitReportReporter -->
<testsuite hostname="Lee.local" failures="0" tests="3" name="com.e2e.tests.Home_PageTest" time="20.969" errors="0" timestamp="2019-04-04T00:17:18 IST" skipped="0">
  <testcase classname="com.e2e.tests.Home_PageTest" name="basePageNavigationDP" time="5.975"/>
  <testcase classname="com.e2e.tests.Home_PageTest" name="basePageNavigation" time="9.514"/>
  <testcase classname="com.e2e.tests.Home_PageTest" name="basePageNavigationDP" time="5.480"/>
</testsuite> <!-- com.e2e.tests.Home_PageTest -->
