<?xml version="1.0" encoding="UTF-8"?>
<!-- Generated by org.testng.reporters.JUnitReportReporter -->
<testsuite hostname="Lee.local" failures="0" tests="3" name="com.e2e.tests.Home_PageTest" time="22.131" errors="0" timestamp="02 Apr 2019 17:46:57 GMT" skipped="0">
  <testcase classname="com.e2e.tests.Home_PageTest" name="basePageNavigationDP" time="5.666"/>
  <testcase classname="com.e2e.tests.Home_PageTest" name="basePageNavigation" time="10.492"/>
  <testcase classname="com.e2e.tests.Home_PageTest" name="basePageNavigationDP" time="5.973"/>
</testsuite> <!-- com.e2e.tests.Home_PageTest -->
