<?xml version="1.0" encoding="UTF-8"?>
<!-- Generated by org.testng.reporters.JUnitReportReporter -->
<testsuite hostname="Lee.local" failures="0" tests="1" name="com.e2e.tests.Validate_navigation_bar_Test" time="2.108" errors="0" timestamp="02 Apr 2019 17:46:57 GMT" skipped="0">
  <testcase classname="com.e2e.tests.Validate_navigation_bar_Test" name="testNavigationBar" time="2.108"/>
</testsuite> <!-- com.e2e.tests.Validate_navigation_bar_Test -->
