<?xml version="1.0" encoding="UTF-8"?>
<!-- Generated by org.testng.reporters.JUnitReportReporter -->
<testsuite hostname="Lee.local" failures="0" tests="1" name="com.e2e.tests.Validate_title_Test" time="1.928" errors="0" timestamp="2019-04-04T00:17:18 IST" skipped="0">
  <testcase classname="com.e2e.tests.Validate_title_Test" name="testTitleName" time="1.928"/>
</testsuite> <!-- com.e2e.tests.Validate_title_Test -->
